2024-02-13 17:49:32,896 - DEBUG - any_demo_log - Debug log statement
2024-02-13 17:49:32,918 - INFO - any_demo_log - Info log statement
2024-02-13 17:49:32,919 - WARNING - any_demo_log - Warning log statement
2024-02-13 17:49:32,920 - ERROR - any_demo_log - Error log statement
2024-02-13 17:49:32,921 - CRITICAL - any_demo_log - Critical log statement
2024-02-13 17:50:41,627 - DEBUG - demo_log - Debug log statement
2024-02-13 17:50:41,628 - INFO - demo_log - Info log statement
2024-02-13 17:50:41,628 - WARNING - demo_log - Warning log statement
2024-02-13 17:50:41,628 - ERROR - demo_log - Error log statement
2024-02-13 17:50:41,628 - CRITICAL - demo_log - Critical log statement
2024-02-13 17:54:04,362 - DEBUG - __main__ - Debug log statement
2024-02-13 17:54:04,363 - INFO - __main__ - Info log statement
2024-02-13 17:54:04,363 - WARNING - __main__ - Warning log statement
2024-02-13 17:54:04,363 - ERROR - __main__ - Error log statement
2024-02-13 17:54:04,363 - CRITICAL - __main__ - Critical log statement
2024-02-13 22:54:31,063 - DEBUG - logger_demo - Debug log statement
2024-02-13 22:54:31,079 - INFO - logger_demo - Info log statement
2024-02-13 22:54:31,079 - WARNING - logger_demo - Warning log statement
2024-02-13 22:54:31,079 - ERROR - logger_demo - Error log statement
2024-02-13 22:54:31,080 - CRITICAL - logger_demo - Critical log statement
2024-02-13 23:24:01,167 - DEBUG - logger_demo - Debug log statement
2024-02-13 23:24:01,178 - INFO - logger_demo - Info log statement
2024-02-13 23:24:01,178 - WARNING - logger_demo - Warning log statement
2024-02-13 23:24:01,178 - ERROR - logger_demo - Error log statement
2024-02-13 23:24:01,178 - CRITICAL - logger_demo - Critical log statement
2024-02-13 23:25:56,566 - DEBUG - Logging_Demo - Debug log statement
2024-02-13 23:25:56,567 - INFO - Logging_Demo - Info log statement
2024-02-13 23:25:56,567 - WARNING - Logging_Demo - Warning log statement
2024-02-13 23:25:56,567 - ERROR - Logging_Demo - Error log statement
2024-02-13 23:25:56,567 - CRITICAL - Logging_Demo - Critical log statement
